[debug] [2023-09-03T20:12:16.640Z] ----------------------------------------------------------------------
[debug] [2023-09-03T20:12:16.647Z] Command:       C:\Program Files\nodejs\node.exe C:\Users\Asgari\AppData\Roaming\npm\node_modules\firebase-tools\lib\bin\firebase.js init
[debug] [2023-09-03T20:12:16.648Z] CLI Version:   12.5.2
[debug] [2023-09-03T20:12:16.649Z] Platform:      win32
[debug] [2023-09-03T20:12:16.650Z] Node Version:  v18.17.1
[debug] [2023-09-03T20:12:16.652Z] Time:          Sun Sep 03 2023 23:42:16 GMT+0330 (Iran Standard Time)
[debug] [2023-09-03T20:12:16.653Z] ----------------------------------------------------------------------
[debug] 
[debug] [2023-09-03T20:12:16.674Z] >>> [apiv2][query] GET https://firebase-public.firebaseio.com/cli.json [none]
[debug] [2023-09-03T20:12:16.834Z] > command requires scopes: ["email","openid","https://www.googleapis.com/auth/cloudplatformprojects.readonly","https://www.googleapis.com/auth/firebase","https://www.googleapis.com/auth/cloud-platform"]
[debug] [2023-09-03T20:12:16.836Z] > authorizing via signed-in user (mr.a.asgari@gmail.com)
[info] 
     ######## #### ########  ######## ########     ###     ######  ########
     ##        ##  ##     ## ##       ##     ##  ##   ##  ##       ##
     ######    ##  ########  ######   ########  #########  ######  ######
     ##        ##  ##    ##  ##       ##     ## ##     ##       ## ##
     ##       #### ##     ## ######## ########  ##     ##  ######  ########

You're about to initialize a Firebase project in this directory:

  F:\React JS\React-Max\projects\11\11-Building a Food Order App\starting-practice-project

[info] 
=== Project Setup
[info] 
[info] First, let's associate this project directory with a Firebase project.
[info] You can create multiple project aliases by running firebase use --add, 
[info] but for now we'll just set up a default project.
[info] 
[debug] [2023-09-03T20:12:37.988Z] *** [apiv2] error from fetch(https://firebase-public.firebaseio.com/cli.json, {"headers":{},"method":"GET"}): FetchError: request to https://firebase-public.firebaseio.com/cli.json failed, reason: connect ETIMEDOUT 10.10.34.36:443
[warn] !  Unable to fetch the CLI MOTD and remote config. 
[debug] [2023-09-03T20:12:37.993Z] Failed to fetch MOTD FirebaseError: Failed to make request to https://firebase-public.firebaseio.com/cli.json
[debug] [2023-09-03T20:12:39.500Z] >>> [apiv2][query] GET https://firebase.googleapis.com/v1beta1/projects pageSize=100
[debug] [2023-09-03T20:12:40.460Z] <<< [apiv2][status] GET https://firebase.googleapis.com/v1beta1/projects 403
[debug] [2023-09-03T20:12:40.460Z] <<< [apiv2][body] GET https://firebase.googleapis.com/v1beta1/projects [omitted]
[debug] [2023-09-03T20:12:40.460Z] Unable to parse JSON: SyntaxError: Unexpected token < in JSON at position 0
[debug] [2023-09-03T20:12:41.037Z] FirebaseError: Unable to parse JSON: SyntaxError: Unexpected token < in JSON at position 0
    at RetryOperation._fn (C:\Users\Asgari\AppData\Roaming\npm\node_modules\firebase-tools\lib\apiv2.js:257:39)
    at process.processTicksAndRejections (node:internal/process/task_queues:95:5)
[error] 
[error] Error: Failed to list Firebase projects. See firebase-debug.log for more info.
[debug] [2023-09-03T20:12:53.386Z] ----------------------------------------------------------------------
[debug] [2023-09-03T20:12:53.390Z] Command:       C:\Program Files\nodejs\node.exe C:\Users\Asgari\AppData\Roaming\npm\node_modules\firebase-tools\lib\bin\firebase.js init
[debug] [2023-09-03T20:12:53.391Z] CLI Version:   12.5.2
[debug] [2023-09-03T20:12:53.391Z] Platform:      win32
[debug] [2023-09-03T20:12:53.392Z] Node Version:  v18.17.1
[debug] [2023-09-03T20:12:53.393Z] Time:          Sun Sep 03 2023 23:42:53 GMT+0330 (Iran Standard Time)
[debug] [2023-09-03T20:12:53.393Z] ----------------------------------------------------------------------
[debug] 
[debug] [2023-09-03T20:12:53.400Z] >>> [apiv2][query] GET https://firebase-public.firebaseio.com/cli.json [none]
[debug] [2023-09-03T20:12:53.492Z] > command requires scopes: ["email","openid","https://www.googleapis.com/auth/cloudplatformprojects.readonly","https://www.googleapis.com/auth/firebase","https://www.googleapis.com/auth/cloud-platform"]
[debug] [2023-09-03T20:12:53.493Z] > authorizing via signed-in user (mr.a.asgari@gmail.com)
[info] 
     ######## #### ########  ######## ########     ###     ######  ########
     ##        ##  ##     ## ##       ##     ##  ##   ##  ##       ##
     ######    ##  ########  ######   ########  #########  ######  ######
     ##        ##  ##    ##  ##       ##     ## ##     ##       ## ##
     ##       #### ##     ## ######## ########  ##     ##  ######  ########

You're about to initialize a Firebase project in this directory:

  F:\React JS\React-Max\projects\11\11-Building a Food Order App\starting-practice-project

[info] 
=== Project Setup
[info] 
[info] First, let's associate this project directory with a Firebase project.
[info] You can create multiple project aliases by running firebase use --add, 
[info] but for now we'll just set up a default project.
[info] 
[debug] [2023-09-03T20:13:14.637Z] *** [apiv2] error from fetch(https://firebase-public.firebaseio.com/cli.json, {"headers":{},"method":"GET"}): FetchError: request to https://firebase-public.firebaseio.com/cli.json failed, reason: connect ETIMEDOUT 10.10.34.36:443
[warn] !  Unable to fetch the CLI MOTD and remote config. 
[debug] [2023-09-03T20:13:14.640Z] Failed to fetch MOTD FirebaseError: Failed to make request to https://firebase-public.firebaseio.com/cli.json
[info] i  If you want to create a project in a Google Cloud organization or folder, please use "firebase projects:create" instead, and return to this command when you've created the project. 
